<?xml version="1.0" encoding="UTF-8"?>
<!-- Generated by org.testng.reporters.JUnitXMLReporter -->
<testsuite hostname="gatmayt" ignored="0" name="Test" tests="43" failures="22" timestamp="2022-03-21T20:53:20 IST" time="96.457" errors="0">
  <testcase name="test01" time="0.021" classname="testng.TestngAnnotationDemo"/>
  <testcase name="test02" time="0.002" classname="testng.TestngAnnotationDemo"/>
  <testcase name="check11" time="3.97" classname="testng.Testcase1">
    <failure type="org.openqa.selenium.InvalidSelectorException" message="invalid selector: Unable to locate an element with the xpath expression /html/body/div[1]/div[1]/section[2]/div/div/div/div[2]/table/tbody/tr[1]/th[1]) because of the following error:
SyntaxError: Failed to execute &amp;apos;evaluate&amp;apos; on &amp;apos;Document&amp;apos;: The string &amp;apos;/html/body/div[1]/div[1]/section[2]/div/div/div/div[2]/table/tbody/tr[1]/th[1])&amp;apos; is not a valid XPath expression.
  (Session info: chrome=99.0.4844.74)
For documentation on this error, please visit: https://www.seleniumhq.org/exceptions/invalid_selector_exception.html
Build info: version: &amp;apos;3.141.59&amp;apos;, revision: &amp;apos;e82be7d358&amp;apos;, time: &amp;apos;2018-11-14T08:25:53&amp;apos;
System info: host: &amp;apos;GATMAYT&amp;apos;, ip: &amp;apos;169.254.142.34&amp;apos;, os.name: &amp;apos;Windows 10&amp;apos;, os.arch: &amp;apos;amd64&amp;apos;, os.version: &amp;apos;10.0&amp;apos;, java.version: &amp;apos;1.8.0_144&amp;apos;
Driver info: org.openqa.selenium.chrome.ChromeDriver
Capabilities {acceptInsecureCerts: false, browserName: chrome, browserVersion: 99.0.4844.74, chrome: {chromedriverVersion: 99.0.4844.51 (d537ec02474b5..., userDataDir: C:\Users\MayT\AppData\Local...}, goog:chromeOptions: {debuggerAddress: localhost:60064}, javascriptEnabled: true, networkConnectionEnabled: false, pageLoadStrategy: normal, platform: WINDOWS, platformName: WINDOWS, proxy: Proxy(), setWindowRect: true, strictFileInteractability: false, timeouts: {implicit: 0, pageLoad: 300000, script: 30000}, unhandledPromptBehavior: dismiss and notify, webauthn:extension:credBlob: true, webauthn:extension:largeBlob: true, webauthn:virtualAuthenticators: true}
Session ID: e69279a4eea6ee4628b274f10f66acc2
*** Element info: {Using=xpath, value=/html/body/div[1]/div[1]/section[2]/div/div/div/div[2]/table/tbody/tr[1]/th[1])}">
      <![CDATA[org.openqa.selenium.InvalidSelectorException: invalid selector: Unable to locate an element with the xpath expression /html/body/div[1]/div[1]/section[2]/div/div/div/div[2]/table/tbody/tr[1]/th[1]) because of the following error:
SyntaxError: Failed to execute 'evaluate' on 'Document': The string '/html/body/div[1]/div[1]/section[2]/div/div/div/div[2]/table/tbody/tr[1]/th[1])' is not a valid XPath expression.
  (Session info: chrome=99.0.4844.74)
For documentation on this error, please visit: https://www.seleniumhq.org/exceptions/invalid_selector_exception.html
Build info: version: '3.141.59', revision: 'e82be7d358', time: '2018-11-14T08:25:53'
System info: host: 'GATMAYT', ip: '169.254.142.34', os.name: 'Windows 10', os.arch: 'amd64', os.version: '10.0', java.version: '1.8.0_144'
Driver info: org.openqa.selenium.chrome.ChromeDriver
Capabilities {acceptInsecureCerts: false, browserName: chrome, browserVersion: 99.0.4844.74, chrome: {chromedriverVersion: 99.0.4844.51 (d537ec02474b5..., userDataDir: C:\Users\MayT\AppData\Local...}, goog:chromeOptions: {debuggerAddress: localhost:60064}, javascriptEnabled: true, networkConnectionEnabled: false, pageLoadStrategy: normal, platform: WINDOWS, platformName: WINDOWS, proxy: Proxy(), setWindowRect: true, strictFileInteractability: false, timeouts: {implicit: 0, pageLoad: 300000, script: 30000}, unhandledPromptBehavior: dismiss and notify, webauthn:extension:credBlob: true, webauthn:extension:largeBlob: true, webauthn:virtualAuthenticators: true}
Session ID: e69279a4eea6ee4628b274f10f66acc2
*** Element info: {Using=xpath, value=/html/body/div[1]/div[1]/section[2]/div/div/div/div[2]/table/tbody/tr[1]/th[1])}
at org.openqa.selenium.remote.http.W3CHttpResponseCodec.createException(W3CHttpResponseCodec.java:187)
at org.openqa.selenium.remote.http.W3CHttpResponseCodec.decode(W3CHttpResponseCodec.java:122)
at org.openqa.selenium.remote.http.W3CHttpResponseCodec.decode(W3CHttpResponseCodec.java:49)
at org.openqa.selenium.remote.HttpCommandExecutor.execute(HttpCommandExecutor.java:158)
at org.openqa.selenium.remote.service.DriverCommandExecutor.execute(DriverCommandExecutor.java:83)
at org.openqa.selenium.remote.RemoteWebDriver.execute(RemoteWebDriver.java:552)
at org.openqa.selenium.remote.RemoteWebDriver.findElement(RemoteWebDriver.java:323)
at org.openqa.selenium.remote.RemoteWebDriver.findElementByXPath(RemoteWebDriver.java:428)
at org.openqa.selenium.By$ByXPath.findElement(By.java:353)
at org.openqa.selenium.remote.RemoteWebDriver.findElement(RemoteWebDriver.java:315)
at testng.Testcase1.check11(Testcase1.java:18)
at java.util.ArrayList.forEach(ArrayList.java:1249)
... Removed 31 stack frames]]>
    </failure>
  </testcase> <!-- check11 -->
  <testcase name="check12" time="3.295" classname="testng.Testcase1"/>
  <testcase name="check13" time="2.203" classname="testng.Testcase1">
    <failure type="java.lang.AssertionError" message="expected:&amp;lt;User List&amp;gt; but was:&amp;lt;ActiveUser&amp;gt;">
      <![CDATA[java.lang.AssertionError: expected:<User List> but was:<ActiveUser>
at testng.Testcase1.check13(Testcase1.java:38)
at java.util.ArrayList.forEach(ArrayList.java:1249)
... Removed 29 stack frames]]>
    </failure>
  </testcase> <!-- check13 -->
  <testcase name="check14" time="2.057" classname="testng.Testcase1">
    <failure type="java.lang.AssertionError" message="expected:&amp;lt;MAIN NAVIGATION&amp;gt; but was:&amp;lt;Navigation Bar&amp;gt;">
      <![CDATA[java.lang.AssertionError: expected:<MAIN NAVIGATION> but was:<Navigation Bar>
at testng.Testcase1.check14(Testcase1.java:47)
at java.util.ArrayList.forEach(ArrayList.java:1249)
... Removed 29 stack frames]]>
    </failure>
  </testcase> <!-- check14 -->
  <testcase name="check16" time="2.052" classname="testng.Testcase1"/>
  <testcase name="cjheck15" time="2.015" classname="testng.Testcase1">
    <failure type="java.lang.AssertionError" message="expected:&amp;lt;Mobile&amp;gt; but was:&amp;lt;MO.No.&amp;gt;">
      <![CDATA[java.lang.AssertionError: expected:<Mobile> but was:<MO.No.>
at testng.Testcase1.cjheck15(Testcase1.java:56)
at java.util.ArrayList.forEach(ArrayList.java:1249)
... Removed 29 stack frames]]>
    </failure>
  </testcase> <!-- cjheck15 -->
  <testcase name="check1" time="1.738" classname="testng.LOgintesting"/>
  <testcase name="check10" time="2.07" classname="testng.LOgintesting"/>
  <testcase name="check11" time="1.687" classname="testng.LOgintesting">
    <failure type="java.lang.AssertionError" message="expected:&amp;lt;&amp;gt; but was:&amp;lt;should not contain special character&amp;gt;">
      <![CDATA[java.lang.AssertionError: expected:<> but was:<should not contain special character>
at testng.LOgintesting.check11(LOgintesting.java:154)
at java.util.ArrayList.forEach(ArrayList.java:1249)
... Removed 29 stack frames]]>
    </failure>
  </testcase> <!-- check11 -->
  <testcase name="check2" time="1.929" classname="testng.LOgintesting">
    <failure type="java.lang.AssertionError" message="expected:&amp;lt;Please enter email.&amp;gt; but was:&amp;lt;please enter email&amp;gt;">
      <![CDATA[java.lang.AssertionError: expected:<Please enter email.> but was:<please enter email>
at testng.LOgintesting.check2(LOgintesting.java:33)
at java.util.ArrayList.forEach(ArrayList.java:1249)
... Removed 29 stack frames]]>
    </failure>
  </testcase> <!-- check2 -->
  <testcase name="check3" time="2.169" classname="testng.LOgintesting">
    <failure type="java.lang.AssertionError" message="expected:&amp;lt;Please enter password.&amp;gt; but was:&amp;lt;Please enter password&amp;gt;">
      <![CDATA[java.lang.AssertionError: expected:<Please enter password.> but was:<Please enter password>
at testng.LOgintesting.check3(LOgintesting.java:46)
at java.util.ArrayList.forEach(ArrayList.java:1249)
... Removed 29 stack frames]]>
    </failure>
  </testcase> <!-- check3 -->
  <testcase name="check4" time="1.984" classname="testng.LOgintesting">
    <failure type="java.lang.AssertionError" message="expected:&amp;lt;Dashboard&amp;gt; but was:&amp;lt;homepage&amp;gt;">
      <![CDATA[java.lang.AssertionError: expected:<Dashboard> but was:<homepage>
at testng.LOgintesting.check4(LOgintesting.java:60)
at java.util.ArrayList.forEach(ArrayList.java:1249)
... Removed 29 stack frames]]>
    </failure>
  </testcase> <!-- check4 -->
  <testcase name="check5" time="2.011" classname="testng.LOgintesting">
    <failure type="java.lang.AssertionError" message="expected:&amp;lt;Selenium&amp;gt; but was:&amp;lt;c++&amp;gt;">
      <![CDATA[java.lang.AssertionError: expected:<Selenium> but was:<c++>
at testng.LOgintesting.check5(LOgintesting.java:74)
at java.util.ArrayList.forEach(ArrayList.java:1249)
... Removed 29 stack frames]]>
    </failure>
  </testcase> <!-- check5 -->
  <testcase name="check6" time="2.356" classname="testng.LOgintesting"/>
  <testcase name="check7" time="2.366" classname="testng.LOgintesting">
    <failure type="java.lang.AssertionError" message="expected:&amp;lt;76.0&amp;gt; but was:&amp;lt;98&amp;gt;">
      <![CDATA[java.lang.AssertionError: expected:<76.0> but was:<98>
at testng.LOgintesting.check7(LOgintesting.java:102)
at java.util.ArrayList.forEach(ArrayList.java:1249)
... Removed 29 stack frames]]>
    </failure>
  </testcase> <!-- check7 -->
  <testcase name="check8" time="2.09" classname="testng.LOgintesting">
    <failure type="java.lang.AssertionError" message="expected:&amp;lt;Selenium&amp;gt; but was:&amp;lt;download software&amp;gt;">
      <![CDATA[java.lang.AssertionError: expected:<Selenium> but was:<download software>
at testng.LOgintesting.check8(LOgintesting.java:117)
at java.util.ArrayList.forEach(ArrayList.java:1249)
... Removed 29 stack frames]]>
    </failure>
  </testcase> <!-- check8 -->
  <testcase name="check9" time="2.72" classname="testng.LOgintesting">
    <failure type="java.lang.AssertionError" message="expected:&amp;lt;LOGOUT&amp;gt; but was:&amp;lt;signout&amp;gt;">
      <![CDATA[java.lang.AssertionError: expected:<LOGOUT> but was:<signout>
at testng.LOgintesting.check9(LOgintesting.java:131)
at java.util.ArrayList.forEach(ArrayList.java:1249)
... Removed 29 stack frames]]>
    </failure>
  </testcase> <!-- check9 -->
  <testcase name="m1" time="3.48" classname="testng.Dashboardpageslink"/>
  <testcase name="check5" time="2.557" classname="testng.Dashboard"/>
  <testcase name="checkcoursesListedonDashboard" time="1.487" classname="testng.Dashboard1">
    <failure type="org.openqa.selenium.NoSuchElementException" message="no such element: Unable to locate element: {&amp;quot;method&amp;quot;:&amp;quot;css selector&amp;quot;,&amp;quot;selector&amp;quot;:&amp;quot;#email&amp;quot;}
  (Session info: chrome=99.0.4844.74)
For documentation on this error, please visit: https://www.seleniumhq.org/exceptions/no_such_element.html
Build info: version: &amp;apos;3.141.59&amp;apos;, revision: &amp;apos;e82be7d358&amp;apos;, time: &amp;apos;2018-11-14T08:25:53&amp;apos;
System info: host: &amp;apos;GATMAYT&amp;apos;, ip: &amp;apos;169.254.142.34&amp;apos;, os.name: &amp;apos;Windows 10&amp;apos;, os.arch: &amp;apos;amd64&amp;apos;, os.version: &amp;apos;10.0&amp;apos;, java.version: &amp;apos;1.8.0_144&amp;apos;
Driver info: org.openqa.selenium.chrome.ChromeDriver
Capabilities {acceptInsecureCerts: false, browserName: chrome, browserVersion: 99.0.4844.74, chrome: {chromedriverVersion: 99.0.4844.51 (d537ec02474b5..., userDataDir: C:\Users\MayT\AppData\Local...}, goog:chromeOptions: {debuggerAddress: localhost:60450}, javascriptEnabled: true, networkConnectionEnabled: false, pageLoadStrategy: normal, platform: WINDOWS, platformName: WINDOWS, proxy: Proxy(), setWindowRect: true, strictFileInteractability: false, timeouts: {implicit: 0, pageLoad: 300000, script: 30000}, unhandledPromptBehavior: dismiss and notify, webauthn:extension:credBlob: true, webauthn:extension:largeBlob: true, webauthn:virtualAuthenticators: true}
Session ID: 1f6c74db82ba8e3c685d98de7f93b98b
*** Element info: {Using=id, value=email}">
      <![CDATA[org.openqa.selenium.NoSuchElementException: no such element: Unable to locate element: {"method":"css selector","selector":"#email"}
  (Session info: chrome=99.0.4844.74)
For documentation on this error, please visit: https://www.seleniumhq.org/exceptions/no_such_element.html
Build info: version: '3.141.59', revision: 'e82be7d358', time: '2018-11-14T08:25:53'
System info: host: 'GATMAYT', ip: '169.254.142.34', os.name: 'Windows 10', os.arch: 'amd64', os.version: '10.0', java.version: '1.8.0_144'
Driver info: org.openqa.selenium.chrome.ChromeDriver
Capabilities {acceptInsecureCerts: false, browserName: chrome, browserVersion: 99.0.4844.74, chrome: {chromedriverVersion: 99.0.4844.51 (d537ec02474b5..., userDataDir: C:\Users\MayT\AppData\Local...}, goog:chromeOptions: {debuggerAddress: localhost:60450}, javascriptEnabled: true, networkConnectionEnabled: false, pageLoadStrategy: normal, platform: WINDOWS, platformName: WINDOWS, proxy: Proxy(), setWindowRect: true, strictFileInteractability: false, timeouts: {implicit: 0, pageLoad: 300000, script: 30000}, unhandledPromptBehavior: dismiss and notify, webauthn:extension:credBlob: true, webauthn:extension:largeBlob: true, webauthn:virtualAuthenticators: true}
Session ID: 1f6c74db82ba8e3c685d98de7f93b98b
*** Element info: {Using=id, value=email}
at org.openqa.selenium.remote.http.W3CHttpResponseCodec.createException(W3CHttpResponseCodec.java:187)
at org.openqa.selenium.remote.http.W3CHttpResponseCodec.decode(W3CHttpResponseCodec.java:122)
at org.openqa.selenium.remote.http.W3CHttpResponseCodec.decode(W3CHttpResponseCodec.java:49)
at org.openqa.selenium.remote.HttpCommandExecutor.execute(HttpCommandExecutor.java:158)
at org.openqa.selenium.remote.service.DriverCommandExecutor.execute(DriverCommandExecutor.java:83)
at org.openqa.selenium.remote.RemoteWebDriver.execute(RemoteWebDriver.java:552)
at org.openqa.selenium.remote.RemoteWebDriver.findElement(RemoteWebDriver.java:323)
at org.openqa.selenium.remote.RemoteWebDriver.findElementById(RemoteWebDriver.java:372)
at org.openqa.selenium.By$ById.findElement(By.java:188)
at org.openqa.selenium.remote.RemoteWebDriver.findElement(RemoteWebDriver.java:315)
at testng.Dashboard1.checkcoursesListedonDashboard(Dashboard1.java:20)
at java.util.ArrayList.forEach(ArrayList.java:1249)
... Removed 31 stack frames]]>
    </failure>
  </testcase> <!-- checkcoursesListedonDashboard -->
  <testcase name="f" time="3.009" classname="testng.DATAprovider"/>
  <testcase name="f" time="2.353" classname="testng.DATAprovider"/>
  <testcase name="checkuser" time="3.571" classname="testng.Userpage"/>
  <testcase name="f" time="2.697" classname="testng.Dataproviderwidselenium"/>
  <testcase name="f" time="2.118" classname="testng.Dataproviderwidselenium"/>
  <testcase name="f" time="2.121" classname="testng.Dataproviderwidselenium"/>
  <testcase name="check16" time="2.063" classname="testng.TESTcase2"/>
  <testcase name="check17" time="2.152" classname="testng.TESTcase2">
    <failure type="java.lang.AssertionError" message="expected:&amp;lt;For&amp;gt; but was:&amp;lt;for&amp;gt;">
      <![CDATA[java.lang.AssertionError: expected:<For> but was:<for>
at testng.TESTcase2.check17(TESTcase2.java:29)
at java.util.ArrayList.forEach(ArrayList.java:1249)
... Removed 29 stack frames]]>
    </failure>
  </testcase> <!-- check17 -->
  <testcase name="check18" time="2.684" classname="testng.TESTcase2">
    <failure type="java.lang.AssertionError" message="expected:&amp;lt;Contact&amp;gt; but was:&amp;lt;Contact No.&amp;gt;">
      <![CDATA[java.lang.AssertionError: expected:<Contact> but was:<Contact No.>
at testng.TESTcase2.check18(TESTcase2.java:38)
at java.util.ArrayList.forEach(ArrayList.java:1249)
... Removed 29 stack frames]]>
    </failure>
  </testcase> <!-- check18 -->
  <testcase name="check19" time="2.031" classname="testng.TESTcase2">
    <failure type="java.lang.AssertionError" message="expected:&amp;lt;Timings&amp;gt; but was:&amp;lt;Duration&amp;gt;">
      <![CDATA[java.lang.AssertionError: expected:<Timings> but was:<Duration>
at testng.TESTcase2.check19(TESTcase2.java:47)
at java.util.ArrayList.forEach(ArrayList.java:1249)
... Removed 29 stack frames]]>
    </failure>
  </testcase> <!-- check19 -->
  <testcase name="check20" time="2.715" classname="testng.TESTcase2"/>
  <testcase name="check21" time="2.279" classname="testng.Testcase3"/>
  <testcase name="check22" time="2.534" classname="testng.Testcase3">
    <failure type="java.lang.AssertionError" message="expected:&amp;lt;Content&amp;gt; but was:&amp;lt;CONTENT&amp;gt;">
      <![CDATA[java.lang.AssertionError: expected:<Content> but was:<CONTENT>
at testng.Testcase3.check22(Testcase3.java:29)
at java.util.ArrayList.forEach(ArrayList.java:1249)
... Removed 29 stack frames]]>
    </failure>
  </testcase> <!-- check22 -->
  <testcase name="check23" time="2.097" classname="testng.Testcase3">
    <failure type="java.lang.AssertionError" message="expected:&amp;lt;Click&amp;gt; but was:&amp;lt;click&amp;gt;">
      <![CDATA[java.lang.AssertionError: expected:<Click> but was:<click>
at testng.Testcase3.check23(Testcase3.java:38)
at java.util.ArrayList.forEach(ArrayList.java:1249)
... Removed 29 stack frames]]>
    </failure>
  </testcase> <!-- check23 -->
  <testcase name="check25" time="2.153" classname="testng.Testcase3">
    <failure type="java.lang.AssertionError" message="expected:&amp;lt;LOGOUT&amp;gt; but was:&amp;lt;Logout&amp;gt;">
      <![CDATA[java.lang.AssertionError: expected:<LOGOUT> but was:<Logout>
at testng.Testcase3.check25(Testcase3.java:56)
at java.util.ArrayList.forEach(ArrayList.java:1249)
... Removed 29 stack frames]]>
    </failure>
  </testcase> <!-- check25 -->
  <testcase name="vcheck24" time="2.22" classname="testng.Testcase3"/>
  <testcase name="check26" time="2.187" classname="testng.Testcase4"/>
  <testcase name="check27" time="2.066" classname="testng.Testcase4">
    <failure type="java.lang.AssertionError" message="expected:&amp;lt;Common&amp;gt; but was:&amp;lt;similar&amp;gt;">
      <![CDATA[java.lang.AssertionError: expected:<Common> but was:<similar>
at testng.Testcase4.check27(Testcase4.java:28)
at java.util.ArrayList.forEach(ArrayList.java:1249)
... Removed 29 stack frames]]>
    </failure>
  </testcase> <!-- check27 -->
  <testcase name="check28" time="2.312" classname="testng.Testcase4">
    <failure type="java.lang.AssertionError" message="expected:&amp;lt;Official Source
*For prevoius and latest releases&amp;gt; but was:&amp;lt;Official Source&amp;gt;">
      <![CDATA[java.lang.AssertionError: expected:<Official Source
*For prevoius and latest releases> but was:<Official Source>
at testng.Testcase4.check28(Testcase4.java:37)
at java.util.ArrayList.forEach(ArrayList.java:1249)
... Removed 29 stack frames]]>
    </failure>
  </testcase> <!-- check28 -->
  <testcase name="check29" time="2.392" classname="testng.Testcase4">
    <failure type="java.lang.AssertionError" message="expected:&amp;lt;vendor&amp;gt; but was:&amp;lt;Vendor&amp;gt;">
      <![CDATA[java.lang.AssertionError: expected:<vendor> but was:<Vendor>
at testng.Testcase4.check29(Testcase4.java:46)
at java.util.ArrayList.forEach(ArrayList.java:1249)
... Removed 29 stack frames]]>
    </failure>
  </testcase> <!-- check29 -->
  <testcase name="check30" time="2.119" classname="testng.Testcase4"/>
</testsuite> <!-- Test -->
